<?xml version="1.0" encoding="UTF-8"?>
<testng-results skipped="0" failed="0" total="1" passed="1">
  <reporter-output>
  </reporter-output>
  <suite name="Default suite" duration-ms="61406" started-at="2020-12-07T16:57:41Z" finished-at="2020-12-07T16:58:43Z">
    <groups>
    </groups>
    <test name="Default test" duration-ms="61406" started-at="2020-12-07T16:57:41Z" finished-at="2020-12-07T16:58:43Z">
      <class name="TestCases.TestLogin">
        <test-method status="PASS" signature="initBrow()[pri:0, instance:TestCases.TestLogin@cc285f4]" name="initBrow" is-config="true" duration-ms="21661" started-at="2020-12-07T22:27:41Z" finished-at="2020-12-07T22:28:03Z">
          <reporter-output>
          </reporter-output>
        </test-method> <!-- initBrow -->
        <test-method status="PASS" signature="main(java.lang.String, java.lang.String, java.lang.String)[pri:0, instance:TestCases.TestLogin@cc285f4]" name="main" duration-ms="34557" started-at="2020-12-07T22:28:04Z" data-provider="testData" finished-at="2020-12-07T22:28:38Z">
          <params>
            <param index="0">
              <value>
                <![CDATA[ojhak.binitk@gmail.com]]>
              </value>
            </param>
            <param index="1">
              <value>
                <![CDATA[Butter Chicken]]>
              </value>
            </param>
            <param index="2">
              <value>
                <![CDATA[xyz@gmail.com]]>
              </value>
            </param>
          </params>
          <reporter-output>
          </reporter-output>
        </test-method> <!-- main -->
        <test-method status="PASS" signature="closeBrow()[pri:0, instance:TestCases.TestLogin@cc285f4]" name="closeBrow" is-config="true" duration-ms="4518" started-at="2020-12-07T22:28:38Z" finished-at="2020-12-07T22:28:43Z">
          <reporter-output>
          </reporter-output>
        </test-method> <!-- closeBrow -->
      </class> <!-- TestCases.TestLogin -->
    </test> <!-- Default test -->
  </suite> <!-- Default suite -->
</testng-results>
